<?xml version="1.0" encoding="UTF-8"?>
<!-- Generated by org.testng.reporters.JUnitReportReporter -->
<testsuite hostname="DESKTOP-5B2A0L0" failures="0" tests="1" name="com.simplelearn.AppiumDemo.SwipeDemo" time="8.254" errors="0" timestamp="2023-02-03T23:25:48 IST" skipped="0">
  <testcase classname="com.simplelearn.AppiumDemo.SwipeDemo" name="SwipeLeftToRight" time="8.254"/>
  <system-out/>
</testsuite> <!-- com.simplelearn.AppiumDemo.SwipeDemo -->
