<?xml version="1.0" encoding="UTF-8"?>
<!-- Generated by org.testng.reporters.JUnitReportReporter -->
<testsuite hostname="DESKTOP-5B2A0L0" failures="0" tests="1" name="com.simplelearn.AppiumDemo.ZoomInOutDemo" time="9.019" errors="1" timestamp="2023-02-04T10:13:44 IST" skipped="0">
  <testcase classname="com.simplelearn.AppiumDemo.ZoomInOutDemo" name="ZoomOutDemo" time="9.019">
    <error message="An unknown server-side error occurred while processing the command. Original error: Cannot read property &#039;action&#039; of undefined
Build info: version: &#039;3.141.59&#039;, revision: &#039;e82be7d358&#039;, time: &#039;2018-11-14T08:17:03&#039;
System info: host: &#039;DESKTOP-5B2A0L0&#039;, ip: &#039;192.168.0.102&#039;, os.name: &#039;Windows 10&#039;, os.arch: &#039;amd64&#039;, os.version: &#039;10.0&#039;, java.version: &#039;15.0.2&#039;
Driver info: io.appium.java_client.android.AndroidDriver
Capabilities {appActivity: com.google.android.maps.Map..., appPackage: com.google.android.apps.maps, databaseEnabled: false, desired: {appActivity: com.google.android.maps.Map..., appPackage: com.google.android.apps.maps, deviceName: LVRWJNQWNJUOWS55, noReset: true, plateformName: ANDROID, platformName: android}, deviceApiLevel: 27, deviceManufacturer: vivo, deviceModel: vivo 1803, deviceName: LVRWJNQWNJUOWS55, deviceScreenDensity: 320, deviceScreenSize: 720x1520, deviceUDID: LVRWJNQWNJUOWS55, javascriptEnabled: true, locationContextEnabled: false, networkConnectionEnabled: true, noReset: true, pixelRatio: 2, plateformName: ANDROID, platform: LINUX, platformName: Android, platformVersion: 8.1.0, statBarHeight: 64, takesScreenshot: true, viewportRect: {height: 1372, left: 0, top: 64, width: 720}, warnings: {}, webStorageEnabled: false}
Session ID: bfc90233-06c2-49d8-a5a0-0a772bcf9381" type="org.openqa.selenium.WebDriverException">
      <![CDATA[org.openqa.selenium.WebDriverException: An unknown server-side error occurred while processing the command. Original error: Cannot read property 'action' of undefined
Build info: version: '3.141.59', revision: 'e82be7d358', time: '2018-11-14T08:17:03'
System info: host: 'DESKTOP-5B2A0L0', ip: '192.168.0.102', os.name: 'Windows 10', os.arch: 'amd64', os.version: '10.0', java.version: '15.0.2'
Driver info: io.appium.java_client.android.AndroidDriver
Capabilities {appActivity: com.google.android.maps.Map..., appPackage: com.google.android.apps.maps, databaseEnabled: false, desired: {appActivity: com.google.android.maps.Map..., appPackage: com.google.android.apps.maps, deviceName: LVRWJNQWNJUOWS55, noReset: true, plateformName: ANDROID, platformName: android}, deviceApiLevel: 27, deviceManufacturer: vivo, deviceModel: vivo 1803, deviceName: LVRWJNQWNJUOWS55, deviceScreenDensity: 320, deviceScreenSize: 720x1520, deviceUDID: LVRWJNQWNJUOWS55, javascriptEnabled: true, locationContextEnabled: false, networkConnectionEnabled: true, noReset: true, pixelRatio: 2, plateformName: ANDROID, platform: LINUX, platformName: Android, platformVersion: 8.1.0, statBarHeight: 64, takesScreenshot: true, viewportRect: {height: 1372, left: 0, top: 64, width: 720}, warnings: {}, webStorageEnabled: false}
Session ID: bfc90233-06c2-49d8-a5a0-0a772bcf9381
at java.base/jdk.internal.reflect.NativeConstructorAccessorImpl.newInstance0(Native Method)
at java.base/jdk.internal.reflect.NativeConstructorAccessorImpl.newInstance(NativeConstructorAccessorImpl.java:64)
at java.base/jdk.internal.reflect.DelegatingConstructorAccessorImpl.newInstance(DelegatingConstructorAccessorImpl.java:45)
at java.base/java.lang.reflect.Constructor.newInstanceWithCaller(Constructor.java:500)
at java.base/java.lang.reflect.Constructor.newInstance(Constructor.java:481)
at org.openqa.selenium.remote.http.W3CHttpResponseCodec.createException(W3CHttpResponseCodec.java:187)
at org.openqa.selenium.remote.http.W3CHttpResponseCodec.decode(W3CHttpResponseCodec.java:122)
at org.openqa.selenium.remote.http.W3CHttpResponseCodec.decode(W3CHttpResponseCodec.java:49)
at org.openqa.selenium.remote.HttpCommandExecutor.execute(HttpCommandExecutor.java:158)
at io.appium.java_client.remote.AppiumCommandExecutor.execute(AppiumCommandExecutor.java:239)
at org.openqa.selenium.remote.RemoteWebDriver.execute(RemoteWebDriver.java:552)
at io.appium.java_client.DefaultGenericMobileDriver.execute(DefaultGenericMobileDriver.java:41)
at io.appium.java_client.AppiumDriver.execute(AppiumDriver.java:1)
at io.appium.java_client.android.AndroidDriver.execute(AndroidDriver.java:1)
at io.appium.java_client.PerformsTouchActions.performMultiTouchAction(PerformsTouchActions.java:58)
at io.appium.java_client.MultiTouchAction.perform(MultiTouchAction.java:74)
at com.simplelearn.AppiumDemo.ZoomInOutDemo.ZoomOutDemo(ZoomInOutDemo.java:44)
at java.base/jdk.internal.reflect.NativeMethodAccessorImpl.invoke0(Native Method)
at java.base/jdk.internal.reflect.NativeMethodAccessorImpl.invoke(NativeMethodAccessorImpl.java:64)
at java.base/jdk.internal.reflect.DelegatingMethodAccessorImpl.invoke(DelegatingMethodAccessorImpl.java:43)
at java.base/java.lang.reflect.Method.invoke(Method.java:564)
at org.testng.internal.invokers.MethodInvocationHelper.invokeMethod(MethodInvocationHelper.java:139)
at org.testng.internal.invokers.TestInvoker.invokeMethod(TestInvoker.java:677)
at org.testng.internal.invokers.TestInvoker.invokeTestMethod(TestInvoker.java:221)
at org.testng.internal.invokers.MethodRunner.runInSequence(MethodRunner.java:50)
at org.testng.internal.invokers.TestInvoker$MethodInvocationAgent.invoke(TestInvoker.java:969)
at org.testng.internal.invokers.TestInvoker.invokeTestMethods(TestInvoker.java:194)
at org.testng.internal.invokers.TestMethodWorker.invokeTestMethods(TestMethodWorker.java:148)
at org.testng.internal.invokers.TestMethodWorker.run(TestMethodWorker.java:128)
at java.base/java.util.ArrayList.forEach(ArrayList.java:1511)
at org.testng.TestRunner.privateRun(TestRunner.java:829)
at org.testng.TestRunner.run(TestRunner.java:602)
at org.testng.SuiteRunner.runTest(SuiteRunner.java:437)
at org.testng.SuiteRunner.runSequentially(SuiteRunner.java:431)
at org.testng.SuiteRunner.privateRun(SuiteRunner.java:391)
at org.testng.SuiteRunner.run(SuiteRunner.java:330)
at org.testng.SuiteRunnerWorker.runSuite(SuiteRunnerWorker.java:52)
at org.testng.SuiteRunnerWorker.run(SuiteRunnerWorker.java:95)
at org.testng.TestNG.runSuitesSequentially(TestNG.java:1256)
at org.testng.TestNG.runSuitesLocally(TestNG.java:1176)
at org.testng.TestNG.runSuites(TestNG.java:1099)
at org.testng.TestNG.run(TestNG.java:1067)
at org.testng.remote.AbstractRemoteTestNG.run(AbstractRemoteTestNG.java:115)
at org.testng.remote.RemoteTestNG.initAndRun(RemoteTestNG.java:251)
at org.testng.remote.RemoteTestNG.main(RemoteTestNG.java:77)
]]>
    </error>
  </testcase> <!-- ZoomOutDemo -->
  <system-out/>
</testsuite> <!-- com.simplelearn.AppiumDemo.ZoomInOutDemo -->
