<?xml version="1.0" encoding="UTF-8"?>
<!-- Generated by org.testng.reporters.JUnitReportReporter -->
<testsuite hostname="DESKTOP-5B2A0L0" failures="0" tests="4" name="com.simplelearn.AppiumDemo.Calculator" time="12.576" errors="0" timestamp="2023-01-29T12:06:46 IST" skipped="0">
  <testcase classname="com.simplelearn.AppiumDemo.Calculator" name="verifyAdditionProcess" time="4.277"/>
  <system-out/>
  <testcase classname="com.simplelearn.AppiumDemo.Calculator" name="verifySubtractProcess" time="3.947"/>
  <system-out/>
  <testcase classname="com.simplelearn.AppiumDemo.Calculator" name="verifyMultiplyProcess" time="4.140"/>
  <system-out/>
  <testcase classname="com.simplelearn.AppiumDemo.Calculator" name="verifyDelBtnPresent" time="0.212"/>
  <system-out/>
</testsuite> <!-- com.simplelearn.AppiumDemo.Calculator -->
