<?xml version="1.0" encoding="UTF-8"?>
<!-- Generated by org.testng.reporters.JUnitReportReporter -->
<testsuite hostname="DESKTOP-5B2A0L0" failures="0" tests="1" name="com.simplelearn.AppiumDemo.SpinnerDemo" time="18.990" errors="0" timestamp="2023-02-03T22:27:42 IST" skipped="0">
  <testcase classname="com.simplelearn.AppiumDemo.SpinnerDemo" name="SelectColourAndDateFromSpinner" time="18.990"/>
  <system-out/>
</testsuite> <!-- com.simplelearn.AppiumDemo.SpinnerDemo -->
